Successfully pre-loaded Torch 2.11.0+cpu
============================= test session starts =============================
platform win32 -- Python 3.12.0, pytest-8.2.0, pluggy-1.6.0 -- C:\Users\Admin\anaconda3\envs\intern\python.exe
cachedir: .pytest_cache
rootdir: C:\Users\Admin\Programming_Project\internship\track2\day24\medviet-governance
plugins: anyio-4.13.0, Faker-40.15.0, hydra-core-1.3.2, langsmith-0.7.26, locust-2.43.4, typeguard-4.5.1
collecting ... collected 6 items

tests/test_pii.py::TestPIIDetection::test_cccd_detected PASSED           [ 16%]
tests/test_pii.py::TestPIIDetection::test_phone_detected PASSED          [ 33%]
tests/test_pii.py::TestPIIDetection::test_email_detected PASSED          [ 50%]
tests/test_pii.py::TestPIIDetection::test_detection_rate_above_95_percent PASSED [ 66%]
tests/test_pii.py::TestAnonymization::test_pii_not_in_output PASSED      [ 83%]
tests/test_pii.py::TestAnonymization::test_non_pii_columns_unchanged PASSED [100%]

============================= 6 passed in 11.19s ==============================
